[debug] [2025-02-03T03:29:09.884Z] ----------------------------------------------------------------------
[debug] [2025-02-03T03:29:09.886Z] Command:       C:\Program Files\nodejs\node.exe C:\Users\Swing\AppData\Roaming\npm\node_modules\firebase-tools\lib\bin\firebase.js init
[debug] [2025-02-03T03:29:09.887Z] CLI Version:   13.29.3
[debug] [2025-02-03T03:29:09.887Z] Platform:      win32
[debug] [2025-02-03T03:29:09.887Z] Node Version:  v20.17.0
[debug] [2025-02-03T03:29:09.887Z] Time:          Mon Feb 03 2025 11:29:09 GMT+0800 (Taipei Standard Time)
[debug] [2025-02-03T03:29:09.887Z] ----------------------------------------------------------------------
[debug] 
[debug] [2025-02-03T03:29:09.892Z] > command requires scopes: ["email","openid","https://www.googleapis.com/auth/cloudplatformprojects.readonly","https://www.googleapis.com/auth/firebase","https://www.googleapis.com/auth/cloud-platform"]
[debug] [2025-02-03T03:29:09.892Z] > authorizing via signed-in user (nap.cmanolo@gmail.com)
[info] 
     ######## #### ########  ######## ########     ###     ######  ########
     ##        ##  ##     ## ##       ##     ##  ##   ##  ##       ##
     ######    ##  ########  ######   ########  #########  ######  ######
     ##        ##  ##    ##  ##       ##     ## ##     ##       ## ##
     ##       #### ##     ## ######## ########  ##     ##  ######  ########

You're about to initialize a Firebase project in this directory:

  C:\Users\Swing\OneDrive\Documents\Chester Folder\VUE\Vue Tab Tracker

[info] 
=== Project Setup
[info] 
[info] First, let's associate this project directory with a Firebase project.
[info] You can create multiple project aliases by running firebase use --add, 
[info] but for now we'll just set up a default project.
[info] 
[info] i  If you want to create a project in a Google Cloud organization or folder, please use "firebase projects:create" instead, and return to this command when you've created the project. 
[debug] [2025-02-03T03:29:27.668Z] Checked if tokens are valid: false, expires at: 1738224553947
[debug] [2025-02-03T03:29:27.668Z] Checked if tokens are valid: false, expires at: 1738224553947
[debug] [2025-02-03T03:29:27.669Z] > refreshing access token with scopes: []
[debug] [2025-02-03T03:29:27.671Z] >>> [apiv2][query] POST https://www.googleapis.com/oauth2/v3/token [none]
[debug] [2025-02-03T03:29:27.671Z] >>> [apiv2][body] POST https://www.googleapis.com/oauth2/v3/token [omitted]
[debug] [2025-02-03T03:29:27.876Z] <<< [apiv2][status] POST https://www.googleapis.com/oauth2/v3/token 200
[debug] [2025-02-03T03:29:27.876Z] <<< [apiv2][body] POST https://www.googleapis.com/oauth2/v3/token [omitted]
[debug] [2025-02-03T03:29:27.881Z] >>> [apiv2][query] POST https://cloudresourcemanager.googleapis.com/v1/projects [none]
[debug] [2025-02-03T03:29:27.882Z] >>> [apiv2][body] POST https://cloudresourcemanager.googleapis.com/v1/projects {"projectId":"Tab Tracker","name":"Tab Tracker"}
[debug] [2025-02-03T03:29:28.843Z] <<< [apiv2][status] POST https://cloudresourcemanager.googleapis.com/v1/projects 400
[debug] [2025-02-03T03:29:28.843Z] <<< [apiv2][body] POST https://cloudresourcemanager.googleapis.com/v1/projects {"error":{"code":400,"message":"field [project_id] has issue [project_id contains invalid characters]","status":"INVALID_ARGUMENT","details":[{"@type":"type.googleapis.com/google.rpc.BadRequest","fieldViolations":[{"field":"project_id","description":"project_id contains invalid characters"}]},{"@type":"type.googleapis.com/google.rpc.Help","links":[{"url":"https://cloud.google.com/resource-manager/reference/rest/v1/projects"}]}]}}
[debug] [2025-02-03T03:29:28.867Z] FirebaseError: Request to https://cloudresourcemanager.googleapis.com/v1/projects had HTTP Error: 400, field [project_id] has issue [project_id contains invalid characters]
    at responseToError (C:\Users\Swing\AppData\Roaming\npm\node_modules\firebase-tools\lib\responseToError.js:52:12)
    at RetryOperation._fn (C:\Users\Swing\AppData\Roaming\npm\node_modules\firebase-tools\lib\apiv2.js:312:77)
    at process.processTicksAndRejections (node:internal/process/task_queues:95:5)
[error] 
[error] Error: Failed to create project. See firebase-debug.log for more info.
[debug] [2025-02-03T03:29:42.530Z] ----------------------------------------------------------------------
[debug] [2025-02-03T03:29:42.533Z] Command:       C:\Program Files\nodejs\node.exe C:\Users\Swing\AppData\Roaming\npm\node_modules\firebase-tools\lib\bin\firebase.js init
[debug] [2025-02-03T03:29:42.533Z] CLI Version:   13.29.3
[debug] [2025-02-03T03:29:42.533Z] Platform:      win32
[debug] [2025-02-03T03:29:42.533Z] Node Version:  v20.17.0
[debug] [2025-02-03T03:29:42.533Z] Time:          Mon Feb 03 2025 11:29:42 GMT+0800 (Taipei Standard Time)
[debug] [2025-02-03T03:29:42.534Z] ----------------------------------------------------------------------
[debug] 
[debug] [2025-02-03T03:29:42.540Z] > command requires scopes: ["email","openid","https://www.googleapis.com/auth/cloudplatformprojects.readonly","https://www.googleapis.com/auth/firebase","https://www.googleapis.com/auth/cloud-platform"]
[debug] [2025-02-03T03:29:42.540Z] > authorizing via signed-in user (nap.cmanolo@gmail.com)
[info] 
     ######## #### ########  ######## ########     ###     ######  ########
     ##        ##  ##     ## ##       ##     ##  ##   ##  ##       ##
     ######    ##  ########  ######   ########  #########  ######  ######
     ##        ##  ##    ##  ##       ##     ## ##     ##       ## ##
     ##       #### ##     ## ######## ########  ##     ##  ######  ########

You're about to initialize a Firebase project in this directory:

  C:\Users\Swing\OneDrive\Documents\Chester Folder\VUE\Vue Tab Tracker

[info] 
=== Project Setup
[info] 
[info] First, let's associate this project directory with a Firebase project.
[info] You can create multiple project aliases by running firebase use --add, 
[info] but for now we'll just set up a default project.
[info] 
[info] i  If you want to create a project in a Google Cloud organization or folder, please use "firebase projects:create" instead, and return to this command when you've created the project. 
[debug] [2025-02-03T03:29:58.076Z] Checked if tokens are valid: true, expires at: 1738556966876
[debug] [2025-02-03T03:29:58.076Z] Checked if tokens are valid: true, expires at: 1738556966876
[debug] [2025-02-03T03:29:58.077Z] >>> [apiv2][query] POST https://cloudresourcemanager.googleapis.com/v1/projects [none]
[debug] [2025-02-03T03:29:58.077Z] >>> [apiv2][body] POST https://cloudresourcemanager.googleapis.com/v1/projects {"projectId":"Tab Tracker","name":"Tab Tracker"}
[debug] [2025-02-03T03:29:59.043Z] <<< [apiv2][status] POST https://cloudresourcemanager.googleapis.com/v1/projects 400
[debug] [2025-02-03T03:29:59.044Z] <<< [apiv2][body] POST https://cloudresourcemanager.googleapis.com/v1/projects {"error":{"code":400,"message":"field [project_id] has issue [project_id contains invalid characters]","status":"INVALID_ARGUMENT","details":[{"@type":"type.googleapis.com/google.rpc.BadRequest","fieldViolations":[{"field":"project_id","description":"project_id contains invalid characters"}]},{"@type":"type.googleapis.com/google.rpc.Help","links":[{"url":"https://cloud.google.com/resource-manager/reference/rest/v1/projects"}]}]}}
[debug] [2025-02-03T03:29:59.064Z] FirebaseError: Request to https://cloudresourcemanager.googleapis.com/v1/projects had HTTP Error: 400, field [project_id] has issue [project_id contains invalid characters]
    at responseToError (C:\Users\Swing\AppData\Roaming\npm\node_modules\firebase-tools\lib\responseToError.js:52:12)
    at RetryOperation._fn (C:\Users\Swing\AppData\Roaming\npm\node_modules\firebase-tools\lib\apiv2.js:312:77)
    at process.processTicksAndRejections (node:internal/process/task_queues:95:5)
[error] 
[error] Error: Failed to create project. See firebase-debug.log for more info.
